[debug] [2018-08-08T03:51:00.695Z] ----------------------------------------------------------------------
[debug] [2018-08-08T03:51:00.697Z] Command:       /usr/local/bin/node /usr/local/bin/firebase deploy
[debug] [2018-08-08T03:51:00.697Z] CLI Version:   4.0.2
[debug] [2018-08-08T03:51:00.697Z] Platform:      darwin
[debug] [2018-08-08T03:51:00.698Z] Node Version:  v8.11.3
[debug] [2018-08-08T03:51:00.698Z] Time:          Tue Aug 07 2018 23:51:00 GMT-0400 (EDT)
[debug] [2018-08-08T03:51:00.698Z] ----------------------------------------------------------------------
[debug] 
[debug] [2018-08-08T03:51:00.713Z] > command requires scopes: ["email","openid","https://www.googleapis.com/auth/cloudplatformprojects.readonly","https://www.googleapis.com/auth/firebase","https://www.googleapis.com/auth/cloud-platform"]
[debug] [2018-08-08T03:51:00.713Z] > authorizing via signed-in user
[debug] [2018-08-08T03:51:00.714Z] > refreshing access token with scopes: ["email","https://www.googleapis.com/auth/cloud-platform","https://www.googleapis.com/auth/cloudplatformprojects.readonly","https://www.googleapis.com/auth/firebase","openid"]
[debug] [2018-08-08T03:51:00.715Z] >>> HTTP REQUEST POST https://www.googleapis.com/oauth2/v3/token  
 { refresh_token: '1/o0BwNjtDWe9TMjW8vbTFok-RvpW2oivmGje_fWCGpyA',
  client_id: '563584335869-fgrhgmd47bqnekij5i8b5pr03ho849e6.apps.googleusercontent.com',
  client_secret: 'j9iVZfS8kkCEFUPaAeJV0sAi',
  grant_type: 'refresh_token',
  scope: 'email https://www.googleapis.com/auth/cloud-platform https://www.googleapis.com/auth/cloudplatformprojects.readonly https://www.googleapis.com/auth/firebase openid' } 
 Tue Aug 07 2018 23:51:00 GMT-0400 (EDT)
[debug] [2018-08-08T03:51:17.903Z] <<< HTTP RESPONSE 200
[debug] [2018-08-08T03:51:17.913Z] >>> HTTP REQUEST GET https://admin.firebase.com/v1/projects/dhritiswebsite  
  
 Tue Aug 07 2018 23:51:17 GMT-0400 (EDT)
[debug] [2018-08-08T03:51:24.927Z] <<< HTTP RESPONSE 200
[debug] [2018-08-08T03:51:24.928Z] >>> HTTP REQUEST GET https://admin.firebase.com/v1/database/dhritiswebsite/tokens  
  
 Tue Aug 07 2018 23:51:24 GMT-0400 (EDT)
[debug] [2018-08-08T03:51:44.277Z] <<< HTTP RESPONSE 200
[info] 
[info] === Deploying to 'dhritiswebsite'...
[info] 
[info] i  deploying hosting
[info] i  hosting: preparing public directory for upload...
[debug] [2018-08-08T03:51:46.554Z] >>> HTTP REQUEST PUT https://deploy.firebase.com/v1/hosting/dhritiswebsite/uploads/-LJMeM5kayYKfCgLxjbB?fileCount=51&message=  
  
 Tue Aug 07 2018 23:51:46 GMT-0400 (EDT)
